{"opt": "send", "info": {"state": 0, "act": "mod", "data": "012******FF", "mode_index": 2, "sub_seq": 1}, "addr": "525B", "time": 1543174477, "type": "0100", "long_addr": "A3BBF513"}
{"opt": "send", "info": {"state": 1, "act": "mod", "data": "012******FF", "mode_index": 2, "sub_seq": 1}, "addr": "3247", "time": 1543174498, "type": "0100", "long_addr": "8F0C9CDE"}
{"opt": "send", "info": {"state": 1, "act": "mod", "data": "012******FF", "mode_index": 2, "sub_seq": 1}, "addr": "9F19", "time": 1543174500, "type": "0100", "long_addr": "7C859A36"}
{"opt": "send", "info": {"state": 1, "act": "mod", "data": "012******FF", "mode_index": 2, "sub_seq": 1}, "addr": "4358", "time": 1543174500, "type": "0100", "long_addr": "5DC51833"}
{"opt": "send", "info": {"state": 1, "act": "mod", "data": "012******FF", "mode_index": 2, "sub_seq": 1}, "addr": "525B", "time": 1543174504, "type": "0100", "long_addr": "A3BBF513"}
{"opt": "send", "info": {"state": 1, "act": "mod", "data": "012******FF", "mode_index": 2, "sub_seq": 1}, "addr": "B60C", "time": 1543174512, "type": "0100", "long_addr": "BBAFA643"}
{"opt": "send", "info": {"state": 0, "act": "mod", "data": "012******FF", "mode_index": 2, "sub_seq": 1}, "addr": "B60C", "time": 1543176032, "type": "0100", "long_addr": "BBAFA643"}
{"opt": "send", "info": {"state": 0, "act": "mod", "data": "012******FF", "mode_index": 2, "sub_seq": 1}, "addr": "3247", "time": 1543176201, "type": "0100", "long_addr": "8F0C9CDE"}
{"opt": "send", "info": {"state": 0, "act": "mod", "data": "012******FF", "mode_index": 2, "sub_seq": 1}, "addr": "9F19", "time": 1543176636, "type": "0100", "long_addr": "7C859A36"}
{"opt": "send", "info": {"state": 0, "act": "mod", "data": "012******FF", "mode_index": 2, "sub_seq": 1}, "addr": "4358", "time": 1543176649, "type": "0100", "long_addr": "5DC51833"}
{"opt": "send", "info": {"state": 1, "act": "mod", "data": "012******FF", "mode_index": 2, "sub_seq": 1}, "addr": "9F19", "time": 1543193187, "type": "0100", "long_addr": "7C859A36"}
{"opt": "send", "info": {"state": 1, "act": "mod", "data": "012******FF", "mode_index": 2, "sub_seq": 1}, "addr": "3247", "time": 1543193192, "type": "0100", "long_addr": "8F0C9CDE"}
{"opt": "send", "info": {"state": 1, "act": "mod", "data": "012******FF", "mode_index": 2, "sub_seq": 1}, "addr": "B60C", "time": 1543193201, "type": "0100", "long_addr": "BBAFA643"}
{"opt": "send", "info": {"state": 1, "act": "mod", "data": "012******FF", "mode_index": 2, "sub_seq": 1}, "addr": "4358", "time": 1543193205, "type": "0100", "long_addr": "5DC51833"}
{"opt": "send", "info": {"state": 1, "act": "mod", "data": "012******FF", "mode_index": 2, "sub_seq": 1}, "addr": "525B", "time": 1543193207, "type": "0100", "long_addr": "A3BBF513"}
{"opt": "send", "info": {"state": 0, "act": "mod", "data": "012******FF", "mode_index": 2, "sub_seq": 1}, "addr": "525B", "time": 1543193377, "type": "0100", "long_addr": "A3BBF513"}
{"opt": "send", "info": {"state": 0, "act": "mod", "data": "012******FF", "mode_index": 2, "sub_seq": 1}, "addr": "4358", "time": 1543194549, "type": "0100", "long_addr": "5DC51833"}
{"opt": "send", "info": {"state": 0, "act": "mod", "data": "012******FF", "mode_index": 2, "sub_seq": 1}, "addr": "B60C", "time": 1543195316, "type": "0100", "long_addr": "BBAFA643"}
{"opt": "send", "info": {"state": 0, "act": "mod", "data": "012******FF", "mode_index": 2, "sub_seq": 1}, "addr": "3247", "time": 1543195329, "type": "0100", "long_addr": "8F0C9CDE"}
{"opt": "send", "info": {"state": 0, "act": "mod", "data": "012******FF", "mode_index": 2, "sub_seq": 1}, "addr": "9F19", "time": 1543195771, "type": "0100", "long_addr": "7C859A36"}
{"opt": "send", "info": {"state": 1, "act": "mod", "data": "012******FF", "mode_index": 2, "sub_seq": 1}, "addr": "3247", "time": 1543197692, "type": "0100", "long_addr": "8F0C9CDE"}
{"opt": "send", "info": {"state": 1, "act": "mod", "data": "012******FF", "mode_index": 2, "sub_seq": 1}, "addr": "525B", "time": 1543197696, "type": "0100", "long_addr": "A3BBF513"}
{"opt": "send", "info": {"state": 1, "act": "mod", "data": "012******FF", "mode_index": 2, "sub_seq": 1}, "addr": "4358", "time": 1543197698, "type": "0100", "long_addr": "5DC51833"}
{"opt": "send", "info": {"state": 1, "act": "mod", "data": "012******FF", "mode_index": 2, "sub_seq": 1}, "addr": "9F19", "time": 1543197710, "type": "0100", "long_addr": "7C859A36"}
{"opt": "send", "info": {"state": 1, "act": "mod", "data": "012******FF", "mode_index": 2, "sub_seq": 1}, "addr": "B60C", "time": 1543197711, "type": "0100", "long_addr": "BBAFA643"}
{"opt": "send", "info": {"state": 0, "act": "mod", "data": "012******FF", "mode_index": 2, "sub_seq": 1}, "addr": "9F19", "time": 1543199275, "type": "0100", "long_addr": "7C859A36"}
{"opt": "send", "info": {"state": 0, "act": "mod", "data": "012******FF", "mode_index": 2, "sub_seq": 1}, "addr": "B60C", "time": 1543199344, "type": "0100", "long_addr": "BBAFA643"}
{"opt": "send", "info": {"state": 0, "act": "mod", "data": "012******FF", "mode_index": 2, "sub_seq": 1}, "addr": "3247", "time": 1543199472, "type": "0100", "long_addr": "8F0C9CDE"}
{"opt": "send", "info": {"state": 0, "act": "mod", "data": "012******FF", "mode_index": 2, "sub_seq": 1}, "addr": "4358", "time": 1543199873, "type": "0100", "long_addr": "5DC51833"}
{"opt": "send", "info": {"state": 0, "act": "mod", "data": "012******FF", "mode_index": 2, "sub_seq": 1}, "addr": "525B", "time": 1543200497, "type": "0100", "long_addr": "A3BBF513"}
{"opt": "send", "info": {"state": 1, "act": "mod", "data": "011******FF", "mode_index": 1, "sub_seq": 1}, "addr": "5CDF", "time": 1543215194, "type": "0100", "long_addr": "C8F8C172"}
{"opt": "send", "info": {"state": 1, "act": "mod", "data": "011******FF", "mode_index": 1, "sub_seq": 1}, "addr": "4390", "time": 1543215199, "type": "0100", "long_addr": "EBBA028D"}
{"opt": "send", "info": {"state": 1, "act": "mod", "data": "011******FF", "mode_index": 1, "sub_seq": 1}, "addr": "D941", "time": 1543215199, "type": "0100", "long_addr": "2534FCA2"}
{"opt": "send", "info": {"state": 1, "act": "mod", "data": "011******FF", "mode_index": 1, "sub_seq": 1}, "addr": "D022", "time": 1543215201, "type": "0100", "long_addr": "8F1BEC1A"}
{"opt": "send", "info": {"state": 1, "act": "mod", "data": "011******FF", "mode_index": 1, "sub_seq": 1}, "addr": "49DA", "time": 1543215210, "type": "0100", "long_addr": "A997C0C7"}
{"opt": "send", "info": {"state": 0, "act": "mod", "data": "011******FF", "mode_index": 1, "sub_seq": 1}, "addr": "49DA", "time": 1543215984, "type": "0100", "long_addr": "A997C0C7"}
{"opt": "send", "info": {"state": 0, "act": "mod", "data": "011******FF", "mode_index": 1, "sub_seq": 1}, "addr": "5CDF", "time": 1543216110, "type": "0100", "long_addr": "C8F8C172"}
{"opt": "send", "info": {"state": 0, "act": "mod", "data": "011******FF", "mode_index": 1, "sub_seq": 1}, "addr": "D022", "time": 1543217063, "type": "0100", "long_addr": "8F1BEC1A"}
{"opt": "send", "info": {"state": 1, "act": "mod", "data": "011******FF", "mode_index": 1, "sub_seq": 1}, "addr": "4390", "time": 1543217186, "type": "0100", "long_addr": "EBBA028D"}
{"opt": "send", "info": {"state": 1, "act": "mod", "data": "011******FF", "mode_index": 1, "sub_seq": 1}, "addr": "D022", "time": 1543217186, "type": "0100", "long_addr": "8F1BEC1A"}
{"opt": "send", "info": {"state": 1, "act": "mod", "data": "011******FF", "mode_index": 1, "sub_seq": 1}, "addr": "49DA", "time": 1543217200, "type": "0100", "long_addr": "A997C0C7"}
{"opt": "send", "info": {"state": 1, "act": "mod", "data": "011******FF", "mode_index": 1, "sub_seq": 1}, "addr": "5CDF", "time": 1543217209, "type": "0100", "long_addr": "C8F8C172"}
{"opt": "send", "info": {"state": 1, "act": "mod", "data": "011******FF", "mode_index": 1, "sub_seq": 1}, "addr": "D941", "time": 1543217219, "type": "0100", "long_addr": "2534FCA2"}
{"opt": "send", "info": {"state": 0, "act": "mod", "data": "011******FF", "mode_index": 1, "sub_seq": 1}, "addr": "D941", "time": 1543217756, "type": "0100", "long_addr": "2534FCA2"}
{"opt": "send", "info": {"state": 0, "act": "mod", "data": "011******FF", "mode_index": 1, "sub_seq": 1}, "addr": "4390", "time": 1543217967, "type": "0100", "long_addr": "EBBA028D"}
{"opt": "send", "info": {"state": 0, "act": "mod", "data": "011******FF", "mode_index": 1, "sub_seq": 1}, "addr": "4390", "time": 1543218015, "type": "0100", "long_addr": "EBBA028D"}
{"opt": "send", "info": {"state": 0, "act": "mod", "data": "011******FF", "mode_index": 1, "sub_seq": 1}, "addr": "D022", "time": 1543218380, "type": "0100", "long_addr": "8F1BEC1A"}
{"opt": "send", "info": {"state": 0, "act": "mod", "data": "011******FF", "mode_index": 1, "sub_seq": 1}, "addr": "49DA", "time": 1543218621, "type": "0100", "long_addr": "A997C0C7"}
{"opt": "send", "info": {"state": 0, "act": "mod", "data": "011******FF", "mode_index": 1, "sub_seq": 1}, "addr": "5CDF", "time": 1543218987, "type": "0100", "long_addr": "C8F8C172"}
{"opt": "send", "info": {"state": 0, "act": "mod", "data": "011******FF", "mode_index": 1, "sub_seq": 1}, "addr": "D941", "time": 1543219075, "type": "0100", "long_addr": "2534FCA2"}
{"opt": "send", "info": {"state": 1, "act": "mod", "data": "011******FF", "mode_index": 1, "sub_seq": 1}, "addr": "49DA", "time": 1543223893, "type": "0100", "long_addr": "A997C0C7"}
{"opt": "send", "info": {"state": 1, "act": "mod", "data": "011******FF", "mode_index": 1, "sub_seq": 1}, "addr": "D941", "time": 1543223903, "type": "0100", "long_addr": "2534FCA2"}
{"opt": "send", "info": {"state": 1, "act": "mod", "data": "011******FF", "mode_index": 1, "sub_seq": 1}, "addr": "5CDF", "time": 1543223906, "type": "0100", "long_addr": "C8F8C172"}
{"opt": "send", "info": {"state": 1, "act": "mod", "data": "011******FF", "mode_index": 1, "sub_seq": 1}, "addr": "4390", "time": 1543223907, "type": "0100", "long_addr": "EBBA028D"}
{"opt": "send", "info": {"state": 1, "act": "mod", "data": "011******FF", "mode_index": 1, "sub_seq": 1}, "addr": "D022", "time": 1543223912, "type": "0100", "long_addr": "8F1BEC1A"}
{"opt": "send", "info": {"state": 0, "act": "mod", "data": "011******FF", "mode_index": 1, "sub_seq": 1}, "addr": "D941", "time": 1543225407, "type": "0100", "long_addr": "2534FCA2"}
{"opt": "send", "info": {"state": 0, "act": "mod", "data": "011******FF", "mode_index": 1, "sub_seq": 1}, "addr": "5CDF", "time": 1543225489, "type": "0100", "long_addr": "C8F8C172"}
{"opt": "send", "info": {"state": 0, "act": "mod", "data": "011******FF", "mode_index": 1, "sub_seq": 1}, "addr": "4390", "time": 1543225564, "type": "0100", "long_addr": "EBBA028D"}
{"opt": "send", "info": {"state": 0, "act": "mod", "data": "011******FF", "mode_index": 1, "sub_seq": 1}, "addr": "D022", "time": 1543226227, "type": "0100", "long_addr": "8F1BEC1A"}
{"opt": "send", "info": {"state": 0, "act": "mod", "data": "011******FF", "mode_index": 1, "sub_seq": 1}, "addr": "49DA", "time": 1543226637, "type": "0100", "long_addr": "A997C0C7"}
