{"opt": "send", "info": {"state": 1, "act": "mod", "data": "011******FF", "mode_index": 1, "sub_seq": 1}, "addr": "49DA", "time": 1545148991, "type": "0100", "long_addr": "A997C0C7"}
{"opt": "send", "info": {"state": 1, "act": "mod", "data": "011******FF", "mode_index": 1, "sub_seq": 1}, "addr": "D022", "time": 1545148995, "type": "0100", "long_addr": "8F1BEC1A"}
{"opt": "send", "info": {"state": 1, "act": "mod", "data": "011******FF", "mode_index": 1, "sub_seq": 1}, "addr": "5CDF", "time": 1545148998, "type": "0100", "long_addr": "C8F8C172"}
{"opt": "send", "info": {"state": 1, "act": "mod", "data": "011******FF", "mode_index": 1, "sub_seq": 1}, "addr": "D941", "time": 1545149004, "type": "0100", "long_addr": "2534FCA2"}
{"opt": "send", "info": {"state": 1, "act": "mod", "data": "011******FF", "mode_index": 1, "sub_seq": 1}, "addr": "4390", "time": 1545149011, "type": "0100", "long_addr": "EBBA028D"}
{"opt": "send", "info": {"state": 1, "act": "mod", "data": "011******FF", "mode_index": 1, "sub_seq": 1}, "addr": "49DA", "time": 1545149177, "type": "0100", "long_addr": "A997C0C7"}
{"opt": "send", "info": {"state": 1, "act": "mod", "data": "011******FF", "mode_index": 1, "sub_seq": 1}, "addr": "5CDF", "time": 1545149190, "type": "0100", "long_addr": "C8F8C172"}
{"opt": "send", "info": {"state": 1, "act": "mod", "data": "011******FF", "mode_index": 1, "sub_seq": 1}, "addr": "D941", "time": 1545149200, "type": "0100", "long_addr": "2534FCA2"}
{"opt": "send", "info": {"state": 1, "act": "mod", "data": "011******FF", "mode_index": 1, "sub_seq": 1}, "addr": "4390", "time": 1545149203, "type": "0100", "long_addr": "EBBA028D"}
{"opt": "send", "info": {"state": 1, "act": "mod", "data": "011******FF", "mode_index": 1, "sub_seq": 1}, "addr": "D022", "time": 1545149208, "type": "0100", "long_addr": "8F1BEC1A"}
{"opt": "send", "info": {"state": 0, "act": "mod", "data": "011******FF", "mode_index": 1, "sub_seq": 1}, "addr": "D941", "time": 1545150087, "type": "0100", "long_addr": "2534FCA2"}
{"opt": "send", "info": {"state": 0, "act": "mod", "data": "011******FF", "mode_index": 1, "sub_seq": 1}, "addr": "49DA", "time": 1545150568, "type": "0100", "long_addr": "A997C0C7"}
{"opt": "send", "info": {"state": 0, "act": "mod", "data": "011******FF", "mode_index": 1, "sub_seq": 1}, "addr": "4390", "time": 1545150652, "type": "0100", "long_addr": "EBBA028D"}
{"opt": "send", "info": {"state": 0, "act": "mod", "data": "011******FF", "mode_index": 1, "sub_seq": 1}, "addr": "5CDF", "time": 1545150833, "type": "0100", "long_addr": "C8F8C172"}
{"opt": "send", "info": {"state": 0, "act": "mod", "data": "011******FF", "mode_index": 1, "sub_seq": 1}, "addr": "D022", "time": 1545150925, "type": "0100", "long_addr": "8F1BEC1A"}
{"opt": "send", "info": {"state": 0, "act": "mod", "data": "011******FF", "mode_index": 1, "sub_seq": 1}, "addr": "D941", "time": 1545150981, "type": "0100", "long_addr": "2534FCA2"}
{"opt": "send", "info": {"state": 0, "act": "mod", "data": "011******FF", "mode_index": 1, "sub_seq": 1}, "addr": "5CDF", "time": 1545151059, "type": "0100", "long_addr": "C8F8C172"}
{"opt": "send", "info": {"state": 0, "act": "mod", "data": "011******FF", "mode_index": 1, "sub_seq": 1}, "addr": "4390", "time": 1545151077, "type": "0100", "long_addr": "EBBA028D"}
{"opt": "send", "info": {"state": 0, "act": "mod", "data": "011******FF", "mode_index": 1, "sub_seq": 1}, "addr": "D022", "time": 1545151360, "type": "0100", "long_addr": "8F1BEC1A"}
{"opt": "send", "info": {"state": 0, "act": "mod", "data": "011******FF", "mode_index": 1, "sub_seq": 1}, "addr": "49DA", "time": 1545152205, "type": "0100", "long_addr": "A997C0C7"}
{"opt": "send", "info": {"state": 1, "act": "mod", "data": "012******FF", "mode_index": 2, "sub_seq": 1}, "addr": "9F19", "time": 1545158381, "type": "0100", "long_addr": "7C859A36"}
{"opt": "send", "info": {"state": 1, "act": "mod", "data": "012******FF", "mode_index": 2, "sub_seq": 1}, "addr": "4358", "time": 1545158383, "type": "0100", "long_addr": "5DC51833"}
{"opt": "send", "info": {"state": 1, "act": "mod", "data": "012******FF", "mode_index": 2, "sub_seq": 1}, "addr": "3247", "time": 1545158393, "type": "0100", "long_addr": "8F0C9CDE"}
{"opt": "send", "info": {"state": 1, "act": "mod", "data": "012******FF", "mode_index": 2, "sub_seq": 1}, "addr": "B60C", "time": 1545158400, "type": "0100", "long_addr": "BBAFA643"}
{"opt": "send", "info": {"state": 1, "act": "mod", "data": "012******FF", "mode_index": 2, "sub_seq": 1}, "addr": "525B", "time": 1545158430, "type": "0100", "long_addr": "A3BBF513"}
{"opt": "send", "info": {"state": 0, "act": "mod", "data": "012******FF", "mode_index": 2, "sub_seq": 1}, "addr": "9F19", "time": 1545159459, "type": "0100", "long_addr": "7C859A36"}
{"opt": "send", "info": {"state": 0, "act": "mod", "data": "012******FF", "mode_index": 2, "sub_seq": 1}, "addr": "B60C", "time": 1545159543, "type": "0100", "long_addr": "BBAFA643"}
{"opt": "send", "info": {"state": 0, "act": "mod", "data": "012******FF", "mode_index": 2, "sub_seq": 1}, "addr": "4358", "time": 1545160112, "type": "0100", "long_addr": "5DC51833"}
{"opt": "send", "info": {"state": 0, "act": "mod", "data": "012******FF", "mode_index": 2, "sub_seq": 1}, "addr": "3247", "time": 1545160528, "type": "0100", "long_addr": "8F0C9CDE"}
{"opt": "send", "info": {"state": 0, "act": "mod", "data": "012******FF", "mode_index": 2, "sub_seq": 1}, "addr": "525B", "time": 1545161061, "type": "0100", "long_addr": "A3BBF513"}
{"opt": "send", "info": {"state": 1, "act": "mod", "data": "010******FF", "mode_index": 0, "sub_seq": 1}, "addr": "BEDE", "time": 1545164773, "type": "0100", "long_addr": "C6021FBF"}
{"opt": "send", "info": {"state": 1, "act": "mod", "data": "010******FF", "mode_index": 0, "sub_seq": 1}, "addr": "AA84", "time": 1545164779, "type": "0100", "long_addr": "FC97B939"}
{"opt": "send", "info": {"state": 1, "act": "mod", "data": "010******FF", "mode_index": 0, "sub_seq": 1}, "addr": "A51A", "time": 1545164784, "type": "0100", "long_addr": "4B252F80"}
{"opt": "send", "info": {"state": 1, "act": "mod", "data": "010******FF", "mode_index": 0, "sub_seq": 1}, "addr": "338A", "time": 1545164785, "type": "0100", "long_addr": "EF09A7C5"}
{"opt": "send", "info": {"state": 1, "act": "mod", "data": "010******FF", "mode_index": 0, "sub_seq": 1}, "addr": "2599", "time": 1545164791, "type": "0100", "long_addr": "044E416B"}
{"opt": "send", "info": {"state": 0, "act": "mod", "data": "010******FF", "mode_index": 0, "sub_seq": 1}, "addr": "BEDE", "time": 1545165611, "type": "0100", "long_addr": "C6021FBF"}
{"opt": "send", "info": {"state": 0, "act": "mod", "data": "010******FF", "mode_index": 0, "sub_seq": 1}, "addr": "2599", "time": 1545165885, "type": "0100", "long_addr": "044E416B"}
{"opt": "send", "info": {"state": 0, "act": "mod", "data": "010******FF", "mode_index": 0, "sub_seq": 1}, "addr": "AA84", "time": 1545166369, "type": "0100", "long_addr": "FC97B939"}
{"opt": "send", "info": {"state": 0, "act": "mod", "data": "010******FF", "mode_index": 0, "sub_seq": 1}, "addr": "338A", "time": 1545166386, "type": "0100", "long_addr": "EF09A7C5"}
{"opt": "send", "info": {"state": 0, "act": "mod", "data": "010******FF", "mode_index": 0, "sub_seq": 1}, "addr": "A51A", "time": 1545167890, "type": "0100", "long_addr": "4B252F80"}
{"opt": "send", "info": {"state": 1, "act": "mod", "data": "012******FF", "mode_index": 2, "sub_seq": 1}, "addr": "3247", "time": 1545178886, "type": "0100", "long_addr": "8F0C9CDE"}
{"opt": "send", "info": {"state": 1, "act": "mod", "data": "012******FF", "mode_index": 2, "sub_seq": 1}, "addr": "525B", "time": 1545178898, "type": "0100", "long_addr": "A3BBF513"}
{"opt": "send", "info": {"state": 1, "act": "mod", "data": "012******FF", "mode_index": 2, "sub_seq": 1}, "addr": "4358", "time": 1545178899, "type": "0100", "long_addr": "5DC51833"}
{"opt": "send", "info": {"state": 1, "act": "mod", "data": "012******FF", "mode_index": 2, "sub_seq": 1}, "addr": "9F19", "time": 1545178908, "type": "0100", "long_addr": "7C859A36"}
{"opt": "send", "info": {"state": 1, "act": "mod", "data": "012******FF", "mode_index": 2, "sub_seq": 1}, "addr": "B60C", "time": 1545178915, "type": "0100", "long_addr": "BBAFA643"}
{"opt": "send", "info": {"state": 0, "act": "mod", "data": "012******FF", "mode_index": 2, "sub_seq": 1}, "addr": "B60C", "time": 1545179226, "type": "0100", "long_addr": "BBAFA643"}
{"opt": "send", "info": {"state": 0, "act": "mod", "data": "012******FF", "mode_index": 2, "sub_seq": 1}, "addr": "4358", "time": 1545180540, "type": "0100", "long_addr": "5DC51833"}
{"opt": "send", "info": {"state": 0, "act": "mod", "data": "012******FF", "mode_index": 2, "sub_seq": 1}, "addr": "9F19", "time": 1545180833, "type": "0100", "long_addr": "7C859A36"}
{"opt": "send", "info": {"state": 0, "act": "mod", "data": "012******FF", "mode_index": 2, "sub_seq": 1}, "addr": "3247", "time": 1545180898, "type": "0100", "long_addr": "8F0C9CDE"}
{"opt": "send", "info": {"state": 0, "act": "mod", "data": "012******FF", "mode_index": 2, "sub_seq": 1}, "addr": "525B", "time": 1545181329, "type": "0100", "long_addr": "A3BBF513"}
{"opt": "send", "info": {"state": 1, "act": "mod", "data": "011******FF", "mode_index": 1, "sub_seq": 1}, "addr": "4390", "time": 1545205487, "type": "0100", "long_addr": "EBBA028D"}
{"opt": "send", "info": {"state": 1, "act": "mod", "data": "011******FF", "mode_index": 1, "sub_seq": 1}, "addr": "5CDF", "time": 1545205500, "type": "0100", "long_addr": "C8F8C172"}
{"opt": "send", "info": {"state": 1, "act": "mod", "data": "011******FF", "mode_index": 1, "sub_seq": 1}, "addr": "49DA", "time": 1545205512, "type": "0100", "long_addr": "A997C0C7"}
{"opt": "send", "info": {"state": 1, "act": "mod", "data": "011******FF", "mode_index": 1, "sub_seq": 1}, "addr": "D941", "time": 1545205512, "type": "0100", "long_addr": "2534FCA2"}
{"opt": "send", "info": {"state": 1, "act": "mod", "data": "011******FF", "mode_index": 1, "sub_seq": 1}, "addr": "D022", "time": 1545205513, "type": "0100", "long_addr": "8F1BEC1A"}
{"opt": "send", "info": {"state": 0, "act": "mod", "data": "011******FF", "mode_index": 1, "sub_seq": 1}, "addr": "D022", "time": 1545206688, "type": "0100", "long_addr": "8F1BEC1A"}
{"opt": "send", "info": {"state": 0, "act": "mod", "data": "011******FF", "mode_index": 1, "sub_seq": 1}, "addr": "4390", "time": 1545206816, "type": "0100", "long_addr": "EBBA028D"}
{"opt": "send", "info": {"state": 0, "act": "mod", "data": "011******FF", "mode_index": 1, "sub_seq": 1}, "addr": "D941", "time": 1545207158, "type": "0100", "long_addr": "2534FCA2"}
{"opt": "send", "info": {"state": 0, "act": "mod", "data": "011******FF", "mode_index": 1, "sub_seq": 1}, "addr": "5CDF", "time": 1545208015, "type": "0100", "long_addr": "C8F8C172"}
{"opt": "send", "info": {"state": 0, "act": "mod", "data": "011******FF", "mode_index": 1, "sub_seq": 1}, "addr": "49DA", "time": 1545208225, "type": "0100", "long_addr": "A997C0C7"}
{"opt": "send", "info": {"state": 1, "act": "mod", "data": "012******FF", "mode_index": 2, "sub_seq": 1}, "addr": "9F19", "time": 1545220890, "type": "0100", "long_addr": "7C859A36"}
{"opt": "send", "info": {"state": 1, "act": "mod", "data": "012******FF", "mode_index": 2, "sub_seq": 1}, "addr": "4358", "time": 1545220900, "type": "0100", "long_addr": "5DC51833"}
{"opt": "send", "info": {"state": 1, "act": "mod", "data": "012******FF", "mode_index": 2, "sub_seq": 1}, "addr": "B60C", "time": 1545220902, "type": "0100", "long_addr": "BBAFA643"}
{"opt": "send", "info": {"state": 1, "act": "mod", "data": "012******FF", "mode_index": 2, "sub_seq": 1}, "addr": "3247", "time": 1545220905, "type": "0100", "long_addr": "8F0C9CDE"}
{"opt": "send", "info": {"state": 1, "act": "mod", "data": "012******FF", "mode_index": 2, "sub_seq": 1}, "addr": "525B", "time": 1545220907, "type": "0100", "long_addr": "A3BBF513"}
{"opt": "send", "info": {"state": 0, "act": "mod", "data": "012******FF", "mode_index": 2, "sub_seq": 1}, "addr": "B60C", "time": 1545222387, "type": "0100", "long_addr": "BBAFA643"}
{"opt": "send", "info": {"state": 0, "act": "mod", "data": "012******FF", "mode_index": 2, "sub_seq": 1}, "addr": "4358", "time": 1545222769, "type": "0100", "long_addr": "5DC51833"}
{"opt": "send", "info": {"state": 0, "act": "mod", "data": "012******FF", "mode_index": 2, "sub_seq": 1}, "addr": "9F19", "time": 1545222807, "type": "0100", "long_addr": "7C859A36"}
{"opt": "send", "info": {"state": 0, "act": "mod", "data": "012******FF", "mode_index": 2, "sub_seq": 1}, "addr": "3247", "time": 1545223304, "type": "0100", "long_addr": "8F0C9CDE"}
{"opt": "send", "info": {"state": 0, "act": "mod", "data": "012******FF", "mode_index": 2, "sub_seq": 1}, "addr": "525B", "time": 1545223312, "type": "0100", "long_addr": "A3BBF513"}
