{"opt": "send", "info": {"state": 1, "act": "mod", "data": "011******FF", "mode_index": 1, "sub_seq": 1}, "addr": "D941", "time": 1543088200, "type": "0100", "long_addr": "2534FCA2"}
{"opt": "send", "info": {"state": 1, "act": "mod", "data": "011******FF", "mode_index": 1, "sub_seq": 1}, "addr": "D022", "time": 1543088201, "type": "0100", "long_addr": "8F1BEC1A"}
{"opt": "send", "info": {"state": 1, "act": "mod", "data": "011******FF", "mode_index": 1, "sub_seq": 1}, "addr": "4390", "time": 1543088203, "type": "0100", "long_addr": "EBBA028D"}
{"opt": "send", "info": {"state": 1, "act": "mod", "data": "011******FF", "mode_index": 1, "sub_seq": 1}, "addr": "5CDF", "time": 1543088205, "type": "0100", "long_addr": "C8F8C172"}
{"opt": "send", "info": {"state": 1, "act": "mod", "data": "011******FF", "mode_index": 1, "sub_seq": 1}, "addr": "49DA", "time": 1543088206, "type": "0100", "long_addr": "A997C0C7"}
{"opt": "send", "info": {"state": 0, "act": "mod", "data": "011******FF", "mode_index": 1, "sub_seq": 1}, "addr": "5CDF", "time": 1543090035, "type": "0100", "long_addr": "C8F8C172"}
{"opt": "send", "info": {"state": 0, "act": "mod", "data": "011******FF", "mode_index": 1, "sub_seq": 1}, "addr": "4390", "time": 1543090566, "type": "0100", "long_addr": "EBBA028D"}
{"opt": "send", "info": {"state": 0, "act": "mod", "data": "011******FF", "mode_index": 1, "sub_seq": 1}, "addr": "D022", "time": 1543090662, "type": "0100", "long_addr": "8F1BEC1A"}
{"opt": "send", "info": {"state": 0, "act": "mod", "data": "011******FF", "mode_index": 1, "sub_seq": 1}, "addr": "49DA", "time": 1543090684, "type": "0100", "long_addr": "A997C0C7"}
{"opt": "send", "info": {"state": 0, "act": "mod", "data": "011******FF", "mode_index": 1, "sub_seq": 1}, "addr": "D941", "time": 1543090981, "type": "0100", "long_addr": "2534FCA2"}
{"opt": "send", "info": {"state": 1, "act": "mod", "data": "010******FF", "mode_index": 0, "sub_seq": 1}, "addr": "A51A", "time": 1543091168, "type": "0100", "long_addr": "4B252F80"}
{"opt": "send", "info": {"state": 1, "act": "mod", "data": "010******FF", "mode_index": 0, "sub_seq": 1}, "addr": "AA84", "time": 1543091172, "type": "0100", "long_addr": "FC97B939"}
{"opt": "send", "info": {"state": 1, "act": "mod", "data": "010******FF", "mode_index": 0, "sub_seq": 1}, "addr": "2599", "time": 1543091176, "type": "0100", "long_addr": "044E416B"}
{"opt": "send", "info": {"state": 1, "act": "mod", "data": "010******FF", "mode_index": 0, "sub_seq": 1}, "addr": "BEDE", "time": 1543091181, "type": "0100", "long_addr": "C6021FBF"}
{"opt": "send", "info": {"state": 1, "act": "mod", "data": "010******FF", "mode_index": 0, "sub_seq": 1}, "addr": "338A", "time": 1543091187, "type": "0100", "long_addr": "EF09A7C5"}
{"opt": "send", "info": {"state": 0, "act": "mod", "data": "010******FF", "mode_index": 0, "sub_seq": 1}, "addr": "2599", "time": 1543092278, "type": "0100", "long_addr": "044E416B"}
{"opt": "send", "info": {"state": 0, "act": "mod", "data": "010******FF", "mode_index": 0, "sub_seq": 1}, "addr": "A51A", "time": 1543092880, "type": "0100", "long_addr": "4B252F80"}
{"opt": "send", "info": {"state": 0, "act": "mod", "data": "010******FF", "mode_index": 0, "sub_seq": 1}, "addr": "BEDE", "time": 1543092923, "type": "0100", "long_addr": "C6021FBF"}
{"opt": "send", "info": {"state": 0, "act": "mod", "data": "010******FF", "mode_index": 0, "sub_seq": 1}, "addr": "338A", "time": 1543093665, "type": "0100", "long_addr": "EF09A7C5"}
{"opt": "send", "info": {"state": 0, "act": "mod", "data": "010******FF", "mode_index": 0, "sub_seq": 1}, "addr": "AA84", "time": 1543093740, "type": "0100", "long_addr": "FC97B939"}
{"opt": "send", "info": {"state": 1, "act": "mod", "data": "011******FF", "mode_index": 1, "sub_seq": 1}, "addr": "4390", "time": 1543101095, "type": "0100", "long_addr": "EBBA028D"}
{"opt": "send", "info": {"state": 1, "act": "mod", "data": "011******FF", "mode_index": 1, "sub_seq": 1}, "addr": "D941", "time": 1543101103, "type": "0100", "long_addr": "2534FCA2"}
{"opt": "send", "info": {"state": 1, "act": "mod", "data": "011******FF", "mode_index": 1, "sub_seq": 1}, "addr": "5CDF", "time": 1543101108, "type": "0100", "long_addr": "C8F8C172"}
{"opt": "send", "info": {"state": 1, "act": "mod", "data": "011******FF", "mode_index": 1, "sub_seq": 1}, "addr": "49DA", "time": 1543101115, "type": "0100", "long_addr": "A997C0C7"}
{"opt": "send", "info": {"state": 1, "act": "mod", "data": "011******FF", "mode_index": 1, "sub_seq": 1}, "addr": "D022", "time": 1543101117, "type": "0100", "long_addr": "8F1BEC1A"}
{"opt": "send", "info": {"state": 0, "act": "mod", "data": "011******FF", "mode_index": 1, "sub_seq": 1}, "addr": "49DA", "time": 1543102793, "type": "0100", "long_addr": "A997C0C7"}
{"opt": "send", "info": {"state": 0, "act": "mod", "data": "011******FF", "mode_index": 1, "sub_seq": 1}, "addr": "D022", "time": 1543102834, "type": "0100", "long_addr": "8F1BEC1A"}
{"opt": "send", "info": {"state": 0, "act": "mod", "data": "011******FF", "mode_index": 1, "sub_seq": 1}, "addr": "4390", "time": 1543103155, "type": "0100", "long_addr": "EBBA028D"}
{"opt": "send", "info": {"state": 1, "act": "mod", "data": "012******FF", "mode_index": 2, "sub_seq": 1}, "addr": "3247", "time": 1543103792, "type": "0100", "long_addr": "8F0C9CDE"}
{"opt": "send", "info": {"state": 1, "act": "mod", "data": "012******FF", "mode_index": 2, "sub_seq": 1}, "addr": "4358", "time": 1543103798, "type": "0100", "long_addr": "5DC51833"}
{"opt": "send", "info": {"state": 1, "act": "mod", "data": "012******FF", "mode_index": 2, "sub_seq": 1}, "addr": "B60C", "time": 1543103808, "type": "0100", "long_addr": "BBAFA643"}
{"opt": "send", "info": {"state": 1, "act": "mod", "data": "012******FF", "mode_index": 2, "sub_seq": 1}, "addr": "9F19", "time": 1543103812, "type": "0100", "long_addr": "7C859A36"}
{"opt": "send", "info": {"state": 1, "act": "mod", "data": "012******FF", "mode_index": 2, "sub_seq": 1}, "addr": "525B", "time": 1543103814, "type": "0100", "long_addr": "A3BBF513"}
{"opt": "send", "info": {"state": 0, "act": "mod", "data": "011******FF", "mode_index": 1, "sub_seq": 1}, "addr": "D941", "time": 1543103854, "type": "0100", "long_addr": "2534FCA2"}
{"opt": "send", "info": {"state": 0, "act": "mod", "data": "011******FF", "mode_index": 1, "sub_seq": 1}, "addr": "5CDF", "time": 1543104032, "type": "0100", "long_addr": "C8F8C172"}
{"opt": "send", "info": {"state": 0, "act": "mod", "data": "012******FF", "mode_index": 2, "sub_seq": 1}, "addr": "3247", "time": 1543105042, "type": "0100", "long_addr": "8F0C9CDE"}
{"opt": "send", "info": {"state": 0, "act": "mod", "data": "012******FF", "mode_index": 2, "sub_seq": 1}, "addr": "525B", "time": 1543105071, "type": "0100", "long_addr": "A3BBF513"}
{"opt": "send", "info": {"state": 0, "act": "mod", "data": "012******FF", "mode_index": 2, "sub_seq": 1}, "addr": "B60C", "time": 1543105226, "type": "0100", "long_addr": "BBAFA643"}
{"opt": "send", "info": {"state": 0, "act": "mod", "data": "012******FF", "mode_index": 2, "sub_seq": 1}, "addr": "4358", "time": 1543106011, "type": "0100", "long_addr": "5DC51833"}
{"opt": "send", "info": {"state": 0, "act": "mod", "data": "012******FF", "mode_index": 2, "sub_seq": 1}, "addr": "9F19", "time": 1543106134, "type": "0100", "long_addr": "7C859A36"}
{"opt": "send", "info": {"state": 1, "act": "mod", "data": "012******FF", "mode_index": 2, "sub_seq": 1}, "addr": "B60C", "time": 1543118891, "type": "0100", "long_addr": "BBAFA643"}
{"opt": "send", "info": {"state": 1, "act": "mod", "data": "012******FF", "mode_index": 2, "sub_seq": 1}, "addr": "3247", "time": 1543118894, "type": "0100", "long_addr": "8F0C9CDE"}
{"opt": "send", "info": {"state": 1, "act": "mod", "data": "012******FF", "mode_index": 2, "sub_seq": 1}, "addr": "525B", "time": 1543118901, "type": "0100", "long_addr": "A3BBF513"}
{"opt": "send", "info": {"state": 1, "act": "mod", "data": "012******FF", "mode_index": 2, "sub_seq": 1}, "addr": "4358", "time": 1543118908, "type": "0100", "long_addr": "5DC51833"}
{"opt": "send", "info": {"state": 1, "act": "mod", "data": "012******FF", "mode_index": 2, "sub_seq": 1}, "addr": "9F19", "time": 1543118910, "type": "0100", "long_addr": "7C859A36"}
{"opt": "send", "info": {"state": 0, "act": "mod", "data": "012******FF", "mode_index": 2, "sub_seq": 1}, "addr": "4358", "time": 1543120129, "type": "0100", "long_addr": "5DC51833"}
{"opt": "send", "info": {"state": 0, "act": "mod", "data": "012******FF", "mode_index": 2, "sub_seq": 1}, "addr": "3247", "time": 1543120251, "type": "0100", "long_addr": "8F0C9CDE"}
{"opt": "send", "info": {"state": 0, "act": "mod", "data": "012******FF", "mode_index": 2, "sub_seq": 1}, "addr": "B60C", "time": 1543120311, "type": "0100", "long_addr": "BBAFA643"}
{"opt": "send", "info": {"state": 0, "act": "mod", "data": "012******FF", "mode_index": 2, "sub_seq": 1}, "addr": "525B", "time": 1543120383, "type": "0100", "long_addr": "A3BBF513"}
{"opt": "send", "info": {"state": 0, "act": "mod", "data": "012******FF", "mode_index": 2, "sub_seq": 1}, "addr": "9F19", "time": 1543120935, "type": "0100", "long_addr": "7C859A36"}
{"opt": "send", "info": {"state": 0, "act": "mod", "data": "011******FF", "mode_index": 1, "sub_seq": 1}, "addr": "5CDF", "time": 1543140451, "type": "0100", "long_addr": "C8F8C172"}
{"opt": "send", "info": {"state": 1, "act": "mod", "data": "011******FF", "mode_index": 1, "sub_seq": 1}, "addr": "4390", "time": 1543140490, "type": "0100", "long_addr": "EBBA028D"}
{"opt": "send", "info": {"state": 1, "act": "mod", "data": "011******FF", "mode_index": 1, "sub_seq": 1}, "addr": "49DA", "time": 1543140496, "type": "0100", "long_addr": "A997C0C7"}
{"opt": "send", "info": {"state": 1, "act": "mod", "data": "011******FF", "mode_index": 1, "sub_seq": 1}, "addr": "D022", "time": 1543140500, "type": "0100", "long_addr": "8F1BEC1A"}
{"opt": "send", "info": {"state": 1, "act": "mod", "data": "011******FF", "mode_index": 1, "sub_seq": 1}, "addr": "5CDF", "time": 1543140506, "type": "0100", "long_addr": "C8F8C172"}
{"opt": "send", "info": {"state": 1, "act": "mod", "data": "011******FF", "mode_index": 1, "sub_seq": 1}, "addr": "D941", "time": 1543140508, "type": "0100", "long_addr": "2534FCA2"}
{"opt": "send", "info": {"state": 0, "act": "mod", "data": "011******FF", "mode_index": 1, "sub_seq": 1}, "addr": "D022", "time": 1543142080, "type": "0100", "long_addr": "8F1BEC1A"}
{"opt": "send", "info": {"state": 0, "act": "mod", "data": "011******FF", "mode_index": 1, "sub_seq": 1}, "addr": "4390", "time": 1543142566, "type": "0100", "long_addr": "EBBA028D"}
{"opt": "send", "info": {"state": 0, "act": "mod", "data": "011******FF", "mode_index": 1, "sub_seq": 1}, "addr": "49DA", "time": 1543142595, "type": "0100", "long_addr": "A997C0C7"}
{"opt": "send", "info": {"state": 0, "act": "mod", "data": "011******FF", "mode_index": 1, "sub_seq": 1}, "addr": "D941", "time": 1543142813, "type": "0100", "long_addr": "2534FCA2"}
{"opt": "send", "info": {"state": 1, "act": "mod", "data": "012******FF", "mode_index": 2, "sub_seq": 1}, "addr": "525B", "time": 1543147093, "type": "0100", "long_addr": "A3BBF513"}
{"opt": "send", "info": {"state": 1, "act": "mod", "data": "012******FF", "mode_index": 2, "sub_seq": 1}, "addr": "9F19", "time": 1543147097, "type": "0100", "long_addr": "7C859A36"}
{"opt": "send", "info": {"state": 1, "act": "mod", "data": "012******FF", "mode_index": 2, "sub_seq": 1}, "addr": "4358", "time": 1543147099, "type": "0100", "long_addr": "5DC51833"}
{"opt": "send", "info": {"state": 1, "act": "mod", "data": "012******FF", "mode_index": 2, "sub_seq": 1}, "addr": "B60C", "time": 1543147106, "type": "0100", "long_addr": "BBAFA643"}
{"opt": "send", "info": {"state": 1, "act": "mod", "data": "012******FF", "mode_index": 2, "sub_seq": 1}, "addr": "3247", "time": 1543147107, "type": "0100", "long_addr": "8F0C9CDE"}
{"opt": "send", "info": {"state": 0, "act": "mod", "data": "012******FF", "mode_index": 2, "sub_seq": 1}, "addr": "B60C", "time": 1543148318, "type": "0100", "long_addr": "BBAFA643"}
{"opt": "send", "info": {"state": 0, "act": "mod", "data": "012******FF", "mode_index": 2, "sub_seq": 1}, "addr": "9F19", "time": 1543148555, "type": "0100", "long_addr": "7C859A36"}
{"opt": "send", "info": {"state": 0, "act": "mod", "data": "012******FF", "mode_index": 2, "sub_seq": 1}, "addr": "4358", "time": 1543148688, "type": "0100", "long_addr": "5DC51833"}
{"opt": "send", "info": {"state": 0, "act": "mod", "data": "012******FF", "mode_index": 2, "sub_seq": 1}, "addr": "525B", "time": 1543148972, "type": "0100", "long_addr": "A3BBF513"}
{"opt": "send", "info": {"state": 0, "act": "mod", "data": "012******FF", "mode_index": 2, "sub_seq": 1}, "addr": "3247", "time": 1543149649, "type": "0100", "long_addr": "8F0C9CDE"}
