{"opt": "send", "info": {"state": 1, "act": "mod", "data": "010******FF", "mode_index": 0, "sub_seq": 1}, "addr": "2599", "time": 1543955168, "type": "0100", "long_addr": "044E416B"}
{"opt": "send", "info": {"state": 1, "act": "mod", "data": "010******FF", "mode_index": 0, "sub_seq": 1}, "addr": "A51A", "time": 1543955183, "type": "0100", "long_addr": "4B252F80"}
{"opt": "send", "info": {"state": 1, "act": "mod", "data": "010******FF", "mode_index": 0, "sub_seq": 1}, "addr": "338A", "time": 1543955188, "type": "0100", "long_addr": "EF09A7C5"}
{"opt": "send", "info": {"state": 1, "act": "mod", "data": "010******FF", "mode_index": 0, "sub_seq": 1}, "addr": "BEDE", "time": 1543955189, "type": "0100", "long_addr": "C6021FBF"}
{"opt": "send", "info": {"state": 1, "act": "mod", "data": "010******FF", "mode_index": 0, "sub_seq": 1}, "addr": "AA84", "time": 1543955193, "type": "0100", "long_addr": "FC97B939"}
{"opt": "send", "info": {"state": 0, "act": "mod", "data": "010******FF", "mode_index": 0, "sub_seq": 1}, "addr": "BEDE", "time": 1543956499, "type": "0100", "long_addr": "C6021FBF"}
{"opt": "send", "info": {"state": 0, "act": "mod", "data": "010******FF", "mode_index": 0, "sub_seq": 1}, "addr": "AA84", "time": 1543956918, "type": "0100", "long_addr": "FC97B939"}
{"opt": "send", "info": {"state": 0, "act": "mod", "data": "010******FF", "mode_index": 0, "sub_seq": 1}, "addr": "A51A", "time": 1543956957, "type": "0100", "long_addr": "4B252F80"}
{"opt": "send", "info": {"state": 0, "act": "mod", "data": "010******FF", "mode_index": 0, "sub_seq": 1}, "addr": "2599", "time": 1543957411, "type": "0100", "long_addr": "044E416B"}
{"opt": "send", "info": {"state": 0, "act": "mod", "data": "010******FF", "mode_index": 0, "sub_seq": 1}, "addr": "338A", "time": 1543957990, "type": "0100", "long_addr": "EF09A7C5"}
{"opt": "send", "info": {"state": 1, "act": "mod", "data": "012******FF", "mode_index": 2, "sub_seq": 1}, "addr": "4358", "time": 1543977683, "type": "0100", "long_addr": "5DC51833"}
{"opt": "send", "info": {"state": 1, "act": "mod", "data": "012******FF", "mode_index": 2, "sub_seq": 1}, "addr": "B60C", "time": 1543977693, "type": "0100", "long_addr": "BBAFA643"}
{"opt": "send", "info": {"state": 1, "act": "mod", "data": "012******FF", "mode_index": 2, "sub_seq": 1}, "addr": "3247", "time": 1543977698, "type": "0100", "long_addr": "8F0C9CDE"}
{"opt": "send", "info": {"state": 1, "act": "mod", "data": "012******FF", "mode_index": 2, "sub_seq": 1}, "addr": "9F19", "time": 1543977701, "type": "0100", "long_addr": "7C859A36"}
{"opt": "send", "info": {"state": 1, "act": "mod", "data": "012******FF", "mode_index": 2, "sub_seq": 1}, "addr": "525B", "time": 1543977702, "type": "0100", "long_addr": "A3BBF513"}
{"opt": "send", "info": {"state": 0, "act": "mod", "data": "012******FF", "mode_index": 2, "sub_seq": 1}, "addr": "9F19", "time": 1543978776, "type": "0100", "long_addr": "7C859A36"}
{"opt": "send", "info": {"state": 0, "act": "mod", "data": "012******FF", "mode_index": 2, "sub_seq": 1}, "addr": "3247", "time": 1543978879, "type": "0100", "long_addr": "8F0C9CDE"}
{"opt": "send", "info": {"state": 0, "act": "mod", "data": "012******FF", "mode_index": 2, "sub_seq": 1}, "addr": "525B", "time": 1543979300, "type": "0100", "long_addr": "A3BBF513"}
{"opt": "send", "info": {"state": 0, "act": "mod", "data": "012******FF", "mode_index": 2, "sub_seq": 1}, "addr": "4358", "time": 1543979964, "type": "0100", "long_addr": "5DC51833"}
{"opt": "send", "info": {"state": 0, "act": "mod", "data": "012******FF", "mode_index": 2, "sub_seq": 1}, "addr": "B60C", "time": 1543979990, "type": "0100", "long_addr": "BBAFA643"}
{"opt": "send", "info": {"state": 1, "act": "mod", "data": "011******FF", "mode_index": 1, "sub_seq": 1}, "addr": "4390", "time": 1543983094, "type": "0100", "long_addr": "EBBA028D"}
{"opt": "send", "info": {"state": 1, "act": "mod", "data": "011******FF", "mode_index": 1, "sub_seq": 1}, "addr": "49DA", "time": 1543983099, "type": "0100", "long_addr": "A997C0C7"}
{"opt": "send", "info": {"state": 1, "act": "mod", "data": "011******FF", "mode_index": 1, "sub_seq": 1}, "addr": "D022", "time": 1543983100, "type": "0100", "long_addr": "8F1BEC1A"}
{"opt": "send", "info": {"state": 1, "act": "mod", "data": "011******FF", "mode_index": 1, "sub_seq": 1}, "addr": "5CDF", "time": 1543983113, "type": "0100", "long_addr": "C8F8C172"}
{"opt": "send", "info": {"state": 1, "act": "mod", "data": "011******FF", "mode_index": 1, "sub_seq": 1}, "addr": "D941", "time": 1543983123, "type": "0100", "long_addr": "2534FCA2"}
{"opt": "send", "info": {"state": 0, "act": "mod", "data": "011******FF", "mode_index": 1, "sub_seq": 1}, "addr": "D022", "time": 1543984240, "type": "0100", "long_addr": "8F1BEC1A"}
{"opt": "send", "info": {"state": 0, "act": "mod", "data": "011******FF", "mode_index": 1, "sub_seq": 1}, "addr": "49DA", "time": 1543984291, "type": "0100", "long_addr": "A997C0C7"}
{"opt": "send", "info": {"state": 0, "act": "mod", "data": "011******FF", "mode_index": 1, "sub_seq": 1}, "addr": "5CDF", "time": 1543984611, "type": "0100", "long_addr": "C8F8C172"}
{"opt": "send", "info": {"state": 0, "act": "mod", "data": "011******FF", "mode_index": 1, "sub_seq": 1}, "addr": "D941", "time": 1543984896, "type": "0100", "long_addr": "2534FCA2"}
{"opt": "send", "info": {"state": 0, "act": "mod", "data": "011******FF", "mode_index": 1, "sub_seq": 1}, "addr": "4390", "time": 1543985054, "type": "0100", "long_addr": "EBBA028D"}
{"opt": "send", "info": {"state": 1, "act": "mod", "data": "011******FF", "mode_index": 1, "sub_seq": 1}, "addr": "4390", "time": 1543998882, "type": "0100", "long_addr": "EBBA028D"}
{"opt": "send", "info": {"state": 1, "act": "mod", "data": "011******FF", "mode_index": 1, "sub_seq": 1}, "addr": "D941", "time": 1543998896, "type": "0100", "long_addr": "2534FCA2"}
{"opt": "send", "info": {"state": 1, "act": "mod", "data": "011******FF", "mode_index": 1, "sub_seq": 1}, "addr": "49DA", "time": 1543998900, "type": "0100", "long_addr": "A997C0C7"}
{"opt": "send", "info": {"state": 1, "act": "mod", "data": "011******FF", "mode_index": 1, "sub_seq": 1}, "addr": "D022", "time": 1543998901, "type": "0100", "long_addr": "8F1BEC1A"}
{"opt": "send", "info": {"state": 1, "act": "mod", "data": "011******FF", "mode_index": 1, "sub_seq": 1}, "addr": "5CDF", "time": 1543998907, "type": "0100", "long_addr": "C8F8C172"}
{"opt": "send", "info": {"state": 1, "act": "mod", "data": "012******FF", "mode_index": 2, "sub_seq": 1}, "addr": "B60C", "time": 1543999590, "type": "0100", "long_addr": "BBAFA643"}
{"opt": "send", "info": {"state": 1, "act": "mod", "data": "012******FF", "mode_index": 2, "sub_seq": 1}, "addr": "9F19", "time": 1543999591, "type": "0100", "long_addr": "7C859A36"}
{"opt": "send", "info": {"state": 1, "act": "mod", "data": "012******FF", "mode_index": 2, "sub_seq": 1}, "addr": "3247", "time": 1543999592, "type": "0100", "long_addr": "8F0C9CDE"}
{"opt": "send", "info": {"state": 1, "act": "mod", "data": "012******FF", "mode_index": 2, "sub_seq": 1}, "addr": "525B", "time": 1543999601, "type": "0100", "long_addr": "A3BBF513"}
{"opt": "send", "info": {"state": 1, "act": "mod", "data": "012******FF", "mode_index": 2, "sub_seq": 1}, "addr": "4358", "time": 1543999607, "type": "0100", "long_addr": "5DC51833"}
{"opt": "send", "info": {"state": 0, "act": "mod", "data": "011******FF", "mode_index": 1, "sub_seq": 1}, "addr": "D941", "time": 1543999935, "type": "0100", "long_addr": "2534FCA2"}
{"opt": "send", "info": {"state": 0, "act": "mod", "data": "011******FF", "mode_index": 1, "sub_seq": 1}, "addr": "49DA", "time": 1544000110, "type": "0100", "long_addr": "A997C0C7"}
{"opt": "send", "info": {"state": 0, "act": "mod", "data": "011******FF", "mode_index": 1, "sub_seq": 1}, "addr": "5CDF", "time": 1544000114, "type": "0100", "long_addr": "C8F8C172"}
{"opt": "send", "info": {"state": 0, "act": "mod", "data": "011******FF", "mode_index": 1, "sub_seq": 1}, "addr": "4390", "time": 1544000336, "type": "0100", "long_addr": "EBBA028D"}
{"opt": "send", "info": {"state": 0, "act": "mod", "data": "012******FF", "mode_index": 2, "sub_seq": 1}, "addr": "3247", "time": 1544000482, "type": "0100", "long_addr": "8F0C9CDE"}
{"opt": "send", "info": {"state": 0, "act": "mod", "data": "012******FF", "mode_index": 2, "sub_seq": 1}, "addr": "B60C", "time": 1544000519, "type": "0100", "long_addr": "BBAFA643"}
{"opt": "send", "info": {"state": 0, "act": "mod", "data": "012******FF", "mode_index": 2, "sub_seq": 1}, "addr": "525B", "time": 1544000720, "type": "0100", "long_addr": "A3BBF513"}
{"opt": "send", "info": {"state": 0, "act": "mod", "data": "011******FF", "mode_index": 1, "sub_seq": 1}, "addr": "D022", "time": 1544001102, "type": "0100", "long_addr": "8F1BEC1A"}
{"opt": "send", "info": {"state": 0, "act": "mod", "data": "012******FF", "mode_index": 2, "sub_seq": 1}, "addr": "9F19", "time": 1544001456, "type": "0100", "long_addr": "7C859A36"}
{"opt": "send", "info": {"state": 0, "act": "mod", "data": "012******FF", "mode_index": 2, "sub_seq": 1}, "addr": "4358", "time": 1544002009, "type": "0100", "long_addr": "5DC51833"}
{"opt": "send", "info": {"state": 1, "act": "mod", "data": "012******FF", "mode_index": 2, "sub_seq": 1}, "addr": "9F19", "time": 1544008293, "type": "0100", "long_addr": "7C859A36"}
{"opt": "send", "info": {"state": 1, "act": "mod", "data": "012******FF", "mode_index": 2, "sub_seq": 1}, "addr": "3247", "time": 1544008298, "type": "0100", "long_addr": "8F0C9CDE"}
{"opt": "send", "info": {"state": 1, "act": "mod", "data": "012******FF", "mode_index": 2, "sub_seq": 1}, "addr": "525B", "time": 1544008307, "type": "0100", "long_addr": "A3BBF513"}
{"opt": "send", "info": {"state": 1, "act": "mod", "data": "012******FF", "mode_index": 2, "sub_seq": 1}, "addr": "4358", "time": 1544008308, "type": "0100", "long_addr": "5DC51833"}
{"opt": "send", "info": {"state": 1, "act": "mod", "data": "012******FF", "mode_index": 2, "sub_seq": 1}, "addr": "B60C", "time": 1544008309, "type": "0100", "long_addr": "BBAFA643"}
{"opt": "send", "info": {"state": 0, "act": "mod", "data": "012******FF", "mode_index": 2, "sub_seq": 1}, "addr": "3247", "time": 1544009627, "type": "0100", "long_addr": "8F0C9CDE"}
{"opt": "send", "info": {"state": 0, "act": "mod", "data": "012******FF", "mode_index": 2, "sub_seq": 1}, "addr": "525B", "time": 1544009898, "type": "0100", "long_addr": "A3BBF513"}
{"opt": "send", "info": {"state": 0, "act": "mod", "data": "012******FF", "mode_index": 2, "sub_seq": 1}, "addr": "9F19", "time": 1544010254, "type": "0100", "long_addr": "7C859A36"}
{"opt": "send", "info": {"state": 0, "act": "mod", "data": "012******FF", "mode_index": 2, "sub_seq": 1}, "addr": "4358", "time": 1544010352, "type": "0100", "long_addr": "5DC51833"}
{"opt": "send", "info": {"state": 0, "act": "mod", "data": "012******FF", "mode_index": 2, "sub_seq": 1}, "addr": "B60C", "time": 1544010655, "type": "0100", "long_addr": "BBAFA643"}
{"opt": "send", "info": {"state": 1, "act": "mod", "data": "011******FF", "mode_index": 1, "sub_seq": 1}, "addr": "D022", "time": 1544025304, "type": "0100", "long_addr": "8F1BEC1A"}
{"opt": "send", "info": {"state": 1, "act": "mod", "data": "011******FF", "mode_index": 1, "sub_seq": 1}, "addr": "D941", "time": 1544025306, "type": "0100", "long_addr": "2534FCA2"}
{"opt": "send", "info": {"state": 1, "act": "mod", "data": "011******FF", "mode_index": 1, "sub_seq": 1}, "addr": "5CDF", "time": 1544025306, "type": "0100", "long_addr": "C8F8C172"}
{"opt": "send", "info": {"state": 1, "act": "mod", "data": "011******FF", "mode_index": 1, "sub_seq": 1}, "addr": "49DA", "time": 1544025308, "type": "0100", "long_addr": "A997C0C7"}
{"opt": "send", "info": {"state": 1, "act": "mod", "data": "011******FF", "mode_index": 1, "sub_seq": 1}, "addr": "4390", "time": 1544025312, "type": "0100", "long_addr": "EBBA028D"}
{"opt": "send", "info": {"state": 0, "act": "mod", "data": "011******FF", "mode_index": 1, "sub_seq": 1}, "addr": "D941", "time": 1544026320, "type": "0100", "long_addr": "2534FCA2"}
{"opt": "send", "info": {"state": 0, "act": "mod", "data": "011******FF", "mode_index": 1, "sub_seq": 1}, "addr": "D022", "time": 1544026646, "type": "0100", "long_addr": "8F1BEC1A"}
{"opt": "send", "info": {"state": 0, "act": "mod", "data": "011******FF", "mode_index": 1, "sub_seq": 1}, "addr": "49DA", "time": 1544026815, "type": "0100", "long_addr": "A997C0C7"}
{"opt": "send", "info": {"state": 0, "act": "mod", "data": "011******FF", "mode_index": 1, "sub_seq": 1}, "addr": "5CDF", "time": 1544026848, "type": "0100", "long_addr": "C8F8C172"}
{"opt": "send", "info": {"state": 0, "act": "mod", "data": "011******FF", "mode_index": 1, "sub_seq": 1}, "addr": "4390", "time": 1544026954, "type": "0100", "long_addr": "EBBA028D"}
