{"opt": "send", "info": {"state": 1, "act": "mod", "data": "011******FF", "mode_index": 1, "sub_seq": 1}, "addr": "49DA", "time": 1545928496, "type": "0100", "long_addr": "A997C0C7"}
{"opt": "send", "info": {"state": 1, "act": "mod", "data": "011******FF", "mode_index": 1, "sub_seq": 1}, "addr": "5CDF", "time": 1545928501, "type": "0100", "long_addr": "C8F8C172"}
{"opt": "send", "info": {"state": 1, "act": "mod", "data": "011******FF", "mode_index": 1, "sub_seq": 1}, "addr": "D941", "time": 1545928505, "type": "0100", "long_addr": "2534FCA2"}
{"opt": "send", "info": {"state": 1, "act": "mod", "data": "011******FF", "mode_index": 1, "sub_seq": 1}, "addr": "D022", "time": 1545928506, "type": "0100", "long_addr": "8F1BEC1A"}
{"opt": "send", "info": {"state": 1, "act": "mod", "data": "011******FF", "mode_index": 1, "sub_seq": 1}, "addr": "4390", "time": 1545928511, "type": "0100", "long_addr": "EBBA028D"}
{"opt": "send", "info": {"state": 0, "act": "mod", "data": "011******FF", "mode_index": 1, "sub_seq": 1}, "addr": "D022", "time": 1545929368, "type": "0100", "long_addr": "8F1BEC1A"}
{"opt": "send", "info": {"state": 0, "act": "mod", "data": "011******FF", "mode_index": 1, "sub_seq": 1}, "addr": "49DA", "time": 1545929724, "type": "0100", "long_addr": "A997C0C7"}
{"opt": "send", "info": {"state": 0, "act": "mod", "data": "011******FF", "mode_index": 1, "sub_seq": 1}, "addr": "D941", "time": 1545930120, "type": "0100", "long_addr": "2534FCA2"}
{"opt": "send", "info": {"state": 0, "act": "mod", "data": "011******FF", "mode_index": 1, "sub_seq": 1}, "addr": "4390", "time": 1545930177, "type": "0100", "long_addr": "EBBA028D"}
{"opt": "send", "info": {"state": 0, "act": "mod", "data": "011******FF", "mode_index": 1, "sub_seq": 1}, "addr": "5CDF", "time": 1545930631, "type": "0100", "long_addr": "C8F8C172"}
{"opt": "send", "info": {"state": 1, "act": "mod", "data": "011******FF", "mode_index": 1, "sub_seq": 1}, "addr": "D941", "time": 1545933890, "type": "0100", "long_addr": "2534FCA2"}
{"opt": "send", "info": {"state": 1, "act": "mod", "data": "011******FF", "mode_index": 1, "sub_seq": 1}, "addr": "49DA", "time": 1545933891, "type": "0100", "long_addr": "A997C0C7"}
{"opt": "send", "info": {"state": 1, "act": "mod", "data": "011******FF", "mode_index": 1, "sub_seq": 1}, "addr": "5CDF", "time": 1545933894, "type": "0100", "long_addr": "C8F8C172"}
{"opt": "send", "info": {"state": 1, "act": "mod", "data": "011******FF", "mode_index": 1, "sub_seq": 1}, "addr": "4390", "time": 1545933901, "type": "0100", "long_addr": "EBBA028D"}
{"opt": "send", "info": {"state": 1, "act": "mod", "data": "011******FF", "mode_index": 1, "sub_seq": 1}, "addr": "D022", "time": 1545933904, "type": "0100", "long_addr": "8F1BEC1A"}
{"opt": "send", "info": {"state": 0, "act": "mod", "data": "011******FF", "mode_index": 1, "sub_seq": 1}, "addr": "D941", "time": 1545935152, "type": "0100", "long_addr": "2534FCA2"}
{"opt": "send", "info": {"state": 0, "act": "mod", "data": "011******FF", "mode_index": 1, "sub_seq": 1}, "addr": "4390", "time": 1545935761, "type": "0100", "long_addr": "EBBA028D"}
{"opt": "send", "info": {"state": 0, "act": "mod", "data": "011******FF", "mode_index": 1, "sub_seq": 1}, "addr": "49DA", "time": 1545935785, "type": "0100", "long_addr": "A997C0C7"}
{"opt": "send", "info": {"state": 0, "act": "mod", "data": "011******FF", "mode_index": 1, "sub_seq": 1}, "addr": "5CDF", "time": 1545936102, "type": "0100", "long_addr": "C8F8C172"}
{"opt": "send", "info": {"state": 0, "act": "mod", "data": "011******FF", "mode_index": 1, "sub_seq": 1}, "addr": "D022", "time": 1545936146, "type": "0100", "long_addr": "8F1BEC1A"}
{"opt": "send", "info": {"state": 1, "act": "mod", "data": "010******FF", "mode_index": 0, "sub_seq": 1}, "addr": "338A", "time": 1545942364, "type": "0100", "long_addr": "EF09A7C5"}
{"opt": "send", "info": {"state": 1, "act": "mod", "data": "010******FF", "mode_index": 0, "sub_seq": 1}, "addr": "2599", "time": 1545942380, "type": "0100", "long_addr": "044E416B"}
{"opt": "send", "info": {"state": 1, "act": "mod", "data": "010******FF", "mode_index": 0, "sub_seq": 1}, "addr": "A51A", "time": 1545942385, "type": "0100", "long_addr": "4B252F80"}
{"opt": "send", "info": {"state": 1, "act": "mod", "data": "010******FF", "mode_index": 0, "sub_seq": 1}, "addr": "AA84", "time": 1545942385, "type": "0100", "long_addr": "FC97B939"}
{"opt": "send", "info": {"state": 1, "act": "mod", "data": "010******FF", "mode_index": 0, "sub_seq": 1}, "addr": "BEDE", "time": 1545942410, "type": "0100", "long_addr": "C6021FBF"}
{"opt": "send", "info": {"state": 0, "act": "mod", "data": "010******FF", "mode_index": 0, "sub_seq": 1}, "addr": "A51A", "time": 1545943899, "type": "0100", "long_addr": "4B252F80"}
{"opt": "send", "info": {"state": 0, "act": "mod", "data": "010******FF", "mode_index": 0, "sub_seq": 1}, "addr": "338A", "time": 1545943992, "type": "0100", "long_addr": "EF09A7C5"}
{"opt": "send", "info": {"state": 0, "act": "mod", "data": "010******FF", "mode_index": 0, "sub_seq": 1}, "addr": "BEDE", "time": 1545944672, "type": "0100", "long_addr": "C6021FBF"}
{"opt": "send", "info": {"state": 0, "act": "mod", "data": "010******FF", "mode_index": 0, "sub_seq": 1}, "addr": "2599", "time": 1545945039, "type": "0100", "long_addr": "044E416B"}
{"opt": "send", "info": {"state": 0, "act": "mod", "data": "010******FF", "mode_index": 0, "sub_seq": 1}, "addr": "AA84", "time": 1545945313, "type": "0100", "long_addr": "FC97B939"}
{"opt": "send", "info": {"state": 1, "act": "mod", "data": "012******FF", "mode_index": 2, "sub_seq": 1}, "addr": "9F19", "time": 1545955894, "type": "0100", "long_addr": "7C859A36"}
{"opt": "send", "info": {"state": 1, "act": "mod", "data": "012******FF", "mode_index": 2, "sub_seq": 1}, "addr": "525B", "time": 1545955896, "type": "0100", "long_addr": "A3BBF513"}
{"opt": "send", "info": {"state": 1, "act": "mod", "data": "012******FF", "mode_index": 2, "sub_seq": 1}, "addr": "B60C", "time": 1545955897, "type": "0100", "long_addr": "BBAFA643"}
{"opt": "send", "info": {"state": 1, "act": "mod", "data": "012******FF", "mode_index": 2, "sub_seq": 1}, "addr": "4358", "time": 1545955899, "type": "0100", "long_addr": "5DC51833"}
{"opt": "send", "info": {"state": 1, "act": "mod", "data": "012******FF", "mode_index": 2, "sub_seq": 1}, "addr": "3247", "time": 1545955901, "type": "0100", "long_addr": "8F0C9CDE"}
{"opt": "send", "info": {"state": 0, "act": "mod", "data": "012******FF", "mode_index": 2, "sub_seq": 1}, "addr": "4358", "time": 1545956742, "type": "0100", "long_addr": "5DC51833"}
{"opt": "send", "info": {"state": 0, "act": "mod", "data": "012******FF", "mode_index": 2, "sub_seq": 1}, "addr": "9F19", "time": 1545957271, "type": "0100", "long_addr": "7C859A36"}
{"opt": "send", "info": {"state": 0, "act": "mod", "data": "012******FF", "mode_index": 2, "sub_seq": 1}, "addr": "525B", "time": 1545957531, "type": "0100", "long_addr": "A3BBF513"}
{"opt": "send", "info": {"state": 0, "act": "mod", "data": "012******FF", "mode_index": 2, "sub_seq": 1}, "addr": "B60C", "time": 1545958064, "type": "0100", "long_addr": "BBAFA643"}
{"opt": "send", "info": {"state": 0, "act": "mod", "data": "012******FF", "mode_index": 2, "sub_seq": 1}, "addr": "3247", "time": 1545958128, "type": "0100", "long_addr": "8F0C9CDE"}
{"opt": "send", "info": {"state": 1, "act": "mod", "data": "012******FF", "mode_index": 2, "sub_seq": 1}, "addr": "B60C", "time": 1545983286, "type": "0100", "long_addr": "BBAFA643"}
{"opt": "send", "info": {"state": 1, "act": "mod", "data": "012******FF", "mode_index": 2, "sub_seq": 1}, "addr": "9F19", "time": 1545983290, "type": "0100", "long_addr": "7C859A36"}
{"opt": "send", "info": {"state": 1, "act": "mod", "data": "012******FF", "mode_index": 2, "sub_seq": 1}, "addr": "3247", "time": 1545983299, "type": "0100", "long_addr": "8F0C9CDE"}
{"opt": "send", "info": {"state": 1, "act": "mod", "data": "012******FF", "mode_index": 2, "sub_seq": 1}, "addr": "525B", "time": 1545983303, "type": "0100", "long_addr": "A3BBF513"}
{"opt": "send", "info": {"state": 1, "act": "mod", "data": "012******FF", "mode_index": 2, "sub_seq": 1}, "addr": "4358", "time": 1545983319, "type": "0100", "long_addr": "5DC51833"}
{"opt": "send", "info": {"state": 0, "act": "mod", "data": "012******FF", "mode_index": 2, "sub_seq": 1}, "addr": "525B", "time": 1545983949, "type": "0100", "long_addr": "A3BBF513"}
{"opt": "send", "info": {"state": 0, "act": "mod", "data": "012******FF", "mode_index": 2, "sub_seq": 1}, "addr": "4358", "time": 1545985001, "type": "0100", "long_addr": "5DC51833"}
{"opt": "send", "info": {"state": 0, "act": "mod", "data": "012******FF", "mode_index": 2, "sub_seq": 1}, "addr": "3247", "time": 1545985006, "type": "0100", "long_addr": "8F0C9CDE"}
{"opt": "send", "info": {"state": 0, "act": "mod", "data": "012******FF", "mode_index": 2, "sub_seq": 1}, "addr": "B60C", "time": 1545985281, "type": "0100", "long_addr": "BBAFA643"}
{"opt": "send", "info": {"state": 0, "act": "mod", "data": "012******FF", "mode_index": 2, "sub_seq": 1}, "addr": "9F19", "time": 1545985293, "type": "0100", "long_addr": "7C859A36"}
{"opt": "send", "info": {"state": 1, "act": "mod", "data": "011******FF", "mode_index": 1, "sub_seq": 1}, "addr": "49DA", "time": 1545993376, "type": "0100", "long_addr": "A997C0C7"}
{"opt": "send", "info": {"state": 1, "act": "mod", "data": "011******FF", "mode_index": 1, "sub_seq": 1}, "addr": "5CDF", "time": 1545993400, "type": "0100", "long_addr": "C8F8C172"}
{"opt": "send", "info": {"state": 1, "act": "mod", "data": "011******FF", "mode_index": 1, "sub_seq": 1}, "addr": "D022", "time": 1545993402, "type": "0100", "long_addr": "8F1BEC1A"}
{"opt": "send", "info": {"state": 1, "act": "mod", "data": "011******FF", "mode_index": 1, "sub_seq": 1}, "addr": "4390", "time": 1545993407, "type": "0100", "long_addr": "EBBA028D"}
{"opt": "send", "info": {"state": 1, "act": "mod", "data": "011******FF", "mode_index": 1, "sub_seq": 1}, "addr": "D941", "time": 1545993409, "type": "0100", "long_addr": "2534FCA2"}
{"opt": "send", "info": {"state": 0, "act": "mod", "data": "011******FF", "mode_index": 1, "sub_seq": 1}, "addr": "5CDF", "time": 1545993845, "type": "0100", "long_addr": "C8F8C172"}
{"opt": "send", "info": {"state": 0, "act": "mod", "data": "011******FF", "mode_index": 1, "sub_seq": 1}, "addr": "4390", "time": 1545994226, "type": "0100", "long_addr": "EBBA028D"}
{"opt": "send", "info": {"state": 0, "act": "mod", "data": "011******FF", "mode_index": 1, "sub_seq": 1}, "addr": "D941", "time": 1545994799, "type": "0100", "long_addr": "2534FCA2"}
{"opt": "send", "info": {"state": 0, "act": "mod", "data": "011******FF", "mode_index": 1, "sub_seq": 1}, "addr": "D022", "time": 1545994852, "type": "0100", "long_addr": "8F1BEC1A"}
{"opt": "send", "info": {"state": 0, "act": "mod", "data": "011******FF", "mode_index": 1, "sub_seq": 1}, "addr": "49DA", "time": 1545995166, "type": "0100", "long_addr": "A997C0C7"}
{"opt": "send", "info": {"state": 1, "act": "mod", "data": "012******FF", "mode_index": 2, "sub_seq": 1}, "addr": "B60C", "time": 1545996492, "type": "0100", "long_addr": "BBAFA643"}
{"opt": "send", "info": {"state": 1, "act": "mod", "data": "012******FF", "mode_index": 2, "sub_seq": 1}, "addr": "9F19", "time": 1545996494, "type": "0100", "long_addr": "7C859A36"}
{"opt": "send", "info": {"state": 1, "act": "mod", "data": "012******FF", "mode_index": 2, "sub_seq": 1}, "addr": "525B", "time": 1545996494, "type": "0100", "long_addr": "A3BBF513"}
{"opt": "send", "info": {"state": 1, "act": "mod", "data": "012******FF", "mode_index": 2, "sub_seq": 1}, "addr": "4358", "time": 1545996496, "type": "0100", "long_addr": "5DC51833"}
{"opt": "send", "info": {"state": 1, "act": "mod", "data": "012******FF", "mode_index": 2, "sub_seq": 1}, "addr": "3247", "time": 1545996505, "type": "0100", "long_addr": "8F0C9CDE"}
{"opt": "send", "info": {"state": 0, "act": "mod", "data": "012******FF", "mode_index": 2, "sub_seq": 1}, "addr": "4358", "time": 1545997370, "type": "0100", "long_addr": "5DC51833"}
{"opt": "send", "info": {"state": 0, "act": "mod", "data": "012******FF", "mode_index": 2, "sub_seq": 1}, "addr": "9F19", "time": 1545998074, "type": "0100", "long_addr": "7C859A36"}
{"opt": "send", "info": {"state": 0, "act": "mod", "data": "012******FF", "mode_index": 2, "sub_seq": 1}, "addr": "3247", "time": 1545998998, "type": "0100", "long_addr": "8F0C9CDE"}
{"opt": "send", "info": {"state": 0, "act": "mod", "data": "012******FF", "mode_index": 2, "sub_seq": 1}, "addr": "525B", "time": 1545999051, "type": "0100", "long_addr": "A3BBF513"}
{"opt": "send", "info": {"state": 0, "act": "mod", "data": "012******FF", "mode_index": 2, "sub_seq": 1}, "addr": "B60C", "time": 1545999402, "type": "0100", "long_addr": "BBAFA643"}
